# JRE version: Java(TM) SE Runtime Environment (8.0_201-b09) (build 1.8.0_201-b09)
# Java VM: Java HotSpot(TM) 64-Bit Server VM (25.201-b09 mixed mode windows-amd64 compressed oops)
Heap:
 PSYoungGen      total 128000K, used 22400K [0x00000000d8300000, 0x00000000e0500000, 0x0000000100000000)
  eden space 122880K, 14% used [0x00000000d8300000,0x00000000d93e8070,0x00000000dfb00000)
  from space 5120K, 99% used [0x00000000e0000000,0x00000000e04f8020,0x00000000e0500000)
  to   space 5120K, 0% used [0x00000000dfb00000,0x00000000dfb00000,0x00000000e0000000)
 ParOldGen       total 81920K, used 29101K [0x0000000088800000, 0x000000008d800000, 0x00000000d8300000)
  object space 81920K, 35% used [0x0000000088800000,0x000000008a46b5d0,0x000000008d800000)
 Metaspace       used 20692K, capacity 20934K, committed 21248K, reserved 1067008K
  class space    used 2663K, capacity 2727K, committed 2816K, reserved 1048576K
GC Heap History (8 events):
Event: 0.984 GC heap before
{Heap before GC invocations=1 (full 0):
 PSYoungGen      total 35840K, used 30720K [0x00000000d8300000, 0x00000000dab00000, 0x0000000100000000)
  eden space 30720K, 100% used [0x00000000d8300000,0x00000000da100000,0x00000000da100000)
  from space 5120K, 0% used [0x00000000da600000,0x00000000da600000,0x00000000dab00000)
  to   space 5120K, 0% used [0x00000000da100000,0x00000000da100000,0x00000000da600000)
 ParOldGen       total 81920K, used 0K [0x0000000088800000, 0x000000008d800000, 0x00000000d8300000)
  object space 81920K, 0% used [0x0000000088800000,0x0000000088800000,0x000000008d800000)
 Metaspace       used 5434K, capacity 5518K, committed 5760K, reserved 1056768K
  class space    used 617K, capacity 627K, committed 640K, reserved 1048576K
Event: 1.001 GC heap after
Heap after GC invocations=1 (full 0):
 PSYoungGen      total 35840K, used 5105K [0x00000000d8300000, 0x00000000dc900000, 0x0000000100000000)
  eden space 30720K, 0% used [0x00000000d8300000,0x00000000d8300000,0x00000000da100000)
  from space 5120K, 99% used [0x00000000da100000,0x00000000da5fc528,0x00000000da600000)
  to   space 5120K, 0% used [0x00000000dc400000,0x00000000dc400000,0x00000000dc900000)
 ParOldGen       total 81920K, used 925K [0x0000000088800000, 0x000000008d800000, 0x00000000d8300000)
  object space 81920K, 1% used [0x0000000088800000,0x00000000888e7468,0x000000008d800000)
 Metaspace       used 5434K, capacity 5518K, committed 5760K, reserved 1056768K
  class space    used 617K, capacity 627K, committed 640K, reserved 1048576K
}
Event: 1.742 GC heap before
{Heap before GC invocations=2 (full 0):
 PSYoungGen      total 35840K, used 35825K [0x00000000d8300000, 0x00000000dc900000, 0x0000000100000000)
  eden space 30720K, 100% used [0x00000000d8300000,0x00000000da100000,0x00000000da100000)
  from space 5120K, 99% used [0x00000000da100000,0x00000000da5fc528,0x00000000da600000)
  to   space 5120K, 0% used [0x00000000dc400000,0x00000000dc400000,0x00000000dc900000)
 ParOldGen       total 81920K, used 925K [0x0000000088800000, 0x000000008d800000, 0x00000000d8300000)
  object space 81920K, 1% used [0x0000000088800000,0x00000000888e7468,0x000000008d800000)
 Metaspace       used 8223K, capacity 8314K, committed 8576K, reserved 1056768K
  class space    used 1023K, capacity 1045K, committed 1152K, reserved 1048576K
Event: 1.763 GC heap after
Heap after GC invocations=2 (full 0):
 PSYoungGen      total 66560K, used 5106K [0x00000000d8300000, 0x00000000dc900000, 0x0000000100000000)
  eden space 61440K, 0% used [0x00000000d8300000,0x00000000d8300000,0x00000000dbf00000)
  from space 5120K, 99% used [0x00000000dc400000,0x00000000dc8fc8f8,0x00000000dc900000)
  to   space 5120K, 0% used [0x00000000dbf00000,0x00000000dbf00000,0x00000000dc400000)
 ParOldGen       total 81920K, used 8871K [0x0000000088800000, 0x000000008d800000, 0x00000000d8300000)
  object space 81920K, 10% used [0x0000000088800000,0x00000000890a9c58,0x000000008d800000)
 Metaspace       used 8223K, capacity 8314K, committed 8576K, reserved 1056768K
  class space    used 1023K, capacity 1045K, committed 1152K, reserved 1048576K
}
Event: 3.450 GC heap before
{Heap before GC invocations=3 (full 0):
 PSYoungGen      total 66560K, used 66546K [0x00000000d8300000, 0x00000000dc900000, 0x0000000100000000)
  eden space 61440K, 100% used [0x00000000d8300000,0x00000000dbf00000,0x00000000dbf00000)
  from space 5120K, 99% used [0x00000000dc400000,0x00000000dc8fc8f8,0x00000000dc900000)
  to   space 5120K, 0% used [0x00000000dbf00000,0x00000000dbf00000,0x00000000dc400000)
 ParOldGen       total 81920K, used 8871K [0x0000000088800000, 0x000000008d800000, 0x00000000d8300000)
  object space 81920K, 10% used [0x0000000088800000,0x00000000890a9c58,0x000000008d800000)
 Metaspace       used 14607K, capacity 14748K, committed 14976K, reserved 1062912K
  class space    used 1901K, capacity 1920K, committed 1920K, reserved 1048576K
Event: 3.483 GC heap after
Heap after GC invocations=3 (full 0):
 PSYoungGen      total 66560K, used 5104K [0x00000000d8300000, 0x00000000e0500000, 0x0000000100000000)
  eden space 61440K, 0% used [0x00000000d8300000,0x00000000d8300000,0x00000000dbf00000)
  from space 5120K, 99% used [0x00000000dbf00000,0x00000000dc3fc030,0x00000000dc400000)
  to   space 5120K, 0% used [0x00000000e0000000,0x00000000e0000000,0x00000000e0500000)
 ParOldGen       total 81920K, used 20737K [0x0000000088800000, 0x000000008d800000, 0x00000000d8300000)
  object space 81920K, 25% used [0x0000000088800000,0x0000000089c407c8,0x000000008d800000)
 Metaspace       used 14607K, capacity 14748K, committed 14976K, reserved 1062912K
  class space    used 1901K, capacity 1920K, committed 1920K, reserved 1048576K
}
Event: 6.098 GC heap before
{Heap before GC invocations=4 (full 0):
 PSYoungGen      total 66560K, used 66544K [0x00000000d8300000, 0x00000000e0500000, 0x0000000100000000)
  eden space 61440K, 100% used [0x00000000d8300000,0x00000000dbf00000,0x00000000dbf00000)
  from space 5120K, 99% used [0x00000000dbf00000,0x00000000dc3fc030,0x00000000dc400000)
  to   space 5120K, 0% used [0x00000000e0000000,0x00000000e0000000,0x00000000e0500000)
 ParOldGen       total 81920K, used 20737K [0x0000000088800000, 0x000000008d800000, 0x00000000d8300000)
  object space 81920K, 25% used [0x0000000088800000,0x0000000089c407c8,0x000000008d800000)
 Metaspace       used 19321K, capacity 19546K, committed 19840K, reserved 1067008K
  class space    used 2506K, capacity 2565K, committed 2688K, reserved 1048576K
Event: 6.153 GC heap after
Heap after GC invocations=4 (full 0):
 PSYoungGen      total 128000K, used 5088K [0x00000000d8300000, 0x00000000e0500000, 0x0000000100000000)
  eden space 122880K, 0% used [0x00000000d8300000,0x00000000d8300000,0x00000000dfb00000)
  from space 5120K, 99% used [0x00000000e0000000,0x00000000e04f8020,0x00000000e0500000)
  to   space 5120K, 0% used [0x00000000dfb00000,0x00000000dfb00000,0x00000000e0000000)
 ParOldGen       total 81920K, used 29101K [0x0000000088800000, 0x000000008d800000, 0x00000000d8300000)
  object space 81920K, 35% used [0x0000000088800000,0x000000008a46b5d0,0x000000008d800000)
 Metaspace       used 19321K, capacity 19546K, committed 19840K, reserved 1067008K
  class space    used 2506K, capacity 2565K, committed 2688K, reserved 1048576K
}

